<?xml version="1.0" encoding="UTF-8"?>
<!-- Generated by org.testng.reporters.JUnitXMLReporter -->
<testsuite hostname="VD-MDU-MMA12" ignored="0" name="Functional Test" tests="1" failures="0" timestamp="2019-12-10T15:43:49 IST" time="9.552" errors="0">
  <testcase name="@BeforeTest initBrowserDriver" time="9.464" classname="TestCases.TestBase">
    <failure type="org.openqa.selenium.SessionNotCreatedException" message="session not created
from disconnected: received Inspector.detached event
  (Session info: chrome=78.0.3904.108)
Build info: version: &amp;apos;3.141.59&amp;apos;, revision: &amp;apos;e82be7d358&amp;apos;, time: &amp;apos;2018-11-14T08:17:03&amp;apos;
System info: host: &amp;apos;VD-MDU-MMA12&amp;apos;, ip: &amp;apos;10.169.74.33&amp;apos;, os.name: &amp;apos;Windows 10&amp;apos;, os.arch: &amp;apos;amd64&amp;apos;, os.version: &amp;apos;10.0&amp;apos;, java.version: &amp;apos;1.8.0_144&amp;apos;
Driver info: driver.version: ChromeDriver
remote stacktrace: Backtrace:
	Ordinal0 [0x0135A903+1550595]
	Ordinal0 [0x012DA701+1025793]
	Ordinal0 [0x0125C6E5+509669]
	Ordinal0 [0x01255229+479785]
	Ordinal0 [0x01254DFA+478714]
	Ordinal0 [0x01254878+477304]
	Ordinal0 [0x01253FEA+475114]
	Ordinal0 [0x01254105+475397]
	Ordinal0 [0x01253BB5+474037]
	Ordinal0 [0x0125B445+504901]
	Ordinal0 [0x01253B68+473960]
	Ordinal0 [0x0125451B+476443]
	Ordinal0 [0x01253FEA+475114]
	Ordinal0 [0x01254105+475397]
	Ordinal0 [0x01253BB5+474037]
	Ordinal0 [0x01259D8E+499086]
	Ordinal0 [0x01253B68+473960]
	Ordinal0 [0x0125451B+476443]
	Ordinal0 [0x01253FEA+475114]
	Ordinal0 [0x01254105+475397]
	Ordinal0 [0x01253BB5+474037]
	Ordinal0 [0x0125860D+493069]
	Ordinal0 [0x01253B68+473960]
	Ordinal0 [0x0125451B+476443]
	Ordinal0 [0x01253FEA+475114]
	Ordinal0 [0x01254105+475397]
	Ordinal0 [0x01253BB5+474037]
	Ordinal0 [0x01257CC7+490695]
	Ordinal0 [0x01253B68+473960]
	Ordinal0 [0x0125451B+476443]
	Ordinal0 [0x01253FEA+475114]
	Ordinal0 [0x01254105+475397]
	Ordinal0 [0x01253BB5+474037]
	Ordinal0 [0x012507AC+460716]
	Ordinal0 [0x01253B68+473960]
	Ordinal0 [0x01253A44+473668]
	Ordinal0 [0x0125D330+512816]
	Ordinal0 [0x0120B649+177737]
	Ordinal0 [0x0120A8ED+174317]
	Ordinal0 [0x01208CDB+167131]
	Ordinal0 [0x011F144A+70730]
	Ordinal0 [0x011F24D0+74960]
	Ordinal0 [0x011F2469+74857]
	Ordinal0 [0x012F42C7+1131207]
	GetHandleVerifier [0x013F70FD+523789]
	GetHandleVerifier [0x013F6E90+523168]
	GetHandleVerifier [0x013FE1E7+552695]
	GetHandleVerifier [0x013F78FA+525834]
	Ordinal0 [0x012EB7FC+1095676]
	Ordinal0 [0x012F633B+1139515]
	Ordinal0 [0x012F64A3+1139875]
	Ordinal0 [0x012F5425+1135653]
	BaseThreadInitThunk [0x74BF8674+36]
	RtlGetAppContainerNamedObjectPath [0x773E5E17+311]
	RtlGetAppContainerNamedObjectPath [0x773E5DE7+263]
">
      <![CDATA[org.openqa.selenium.SessionNotCreatedException: session not created
from disconnected: received Inspector.detached event
  (Session info: chrome=78.0.3904.108)
Build info: version: '3.141.59', revision: 'e82be7d358', time: '2018-11-14T08:17:03'
System info: host: 'VD-MDU-MMA12', ip: '10.169.74.33', os.name: 'Windows 10', os.arch: 'amd64', os.version: '10.0', java.version: '1.8.0_144'
Driver info: driver.version: ChromeDriver
remote stacktrace: Backtrace:
Ordinal0 [0x0135A903+1550595]
Ordinal0 [0x012DA701+1025793]
Ordinal0 [0x0125C6E5+509669]
Ordinal0 [0x01255229+479785]
Ordinal0 [0x01254DFA+478714]
Ordinal0 [0x01254878+477304]
Ordinal0 [0x01253FEA+475114]
Ordinal0 [0x01254105+475397]
Ordinal0 [0x01253BB5+474037]
Ordinal0 [0x0125B445+504901]
Ordinal0 [0x01253B68+473960]
Ordinal0 [0x0125451B+476443]
Ordinal0 [0x01253FEA+475114]
Ordinal0 [0x01254105+475397]
Ordinal0 [0x01253BB5+474037]
Ordinal0 [0x01259D8E+499086]
Ordinal0 [0x01253B68+473960]
Ordinal0 [0x0125451B+476443]
Ordinal0 [0x01253FEA+475114]
Ordinal0 [0x01254105+475397]
Ordinal0 [0x01253BB5+474037]
Ordinal0 [0x0125860D+493069]
Ordinal0 [0x01253B68+473960]
Ordinal0 [0x0125451B+476443]
Ordinal0 [0x01253FEA+475114]
Ordinal0 [0x01254105+475397]
Ordinal0 [0x01253BB5+474037]
Ordinal0 [0x01257CC7+490695]
Ordinal0 [0x01253B68+473960]
Ordinal0 [0x0125451B+476443]
Ordinal0 [0x01253FEA+475114]
Ordinal0 [0x01254105+475397]
Ordinal0 [0x01253BB5+474037]
Ordinal0 [0x012507AC+460716]
Ordinal0 [0x01253B68+473960]
Ordinal0 [0x01253A44+473668]
Ordinal0 [0x0125D330+512816]
Ordinal0 [0x0120B649+177737]
Ordinal0 [0x0120A8ED+174317]
Ordinal0 [0x01208CDB+167131]
Ordinal0 [0x011F144A+70730]
Ordinal0 [0x011F24D0+74960]
Ordinal0 [0x011F2469+74857]
Ordinal0 [0x012F42C7+1131207]
GetHandleVerifier [0x013F70FD+523789]
GetHandleVerifier [0x013F6E90+523168]
GetHandleVerifier [0x013FE1E7+552695]
GetHandleVerifier [0x013F78FA+525834]
Ordinal0 [0x012EB7FC+1095676]
Ordinal0 [0x012F633B+1139515]
Ordinal0 [0x012F64A3+1139875]
Ordinal0 [0x012F5425+1135653]
BaseThreadInitThunk [0x74BF8674+36]
RtlGetAppContainerNamedObjectPath [0x773E5E17+311]
RtlGetAppContainerNamedObjectPath [0x773E5DE7+263]

at org.openqa.selenium.remote.W3CHandshakeResponse.lambda$errorHandler$0(W3CHandshakeResponse.java:62)
at org.openqa.selenium.remote.HandshakeResponse.lambda$getResponseFunction$0(HandshakeResponse.java:30)
at org.openqa.selenium.remote.ProtocolHandshake.lambda$createSession$0(ProtocolHandshake.java:126)
at java.util.stream.ReferencePipeline$3$1.accept(Unknown Source)
at java.util.Spliterators$ArraySpliterator.tryAdvance(Unknown Source)
at java.util.stream.ReferencePipeline.forEachWithCancel(Unknown Source)
at java.util.stream.AbstractPipeline.copyIntoWithCancel(Unknown Source)
at java.util.stream.AbstractPipeline.copyInto(Unknown Source)
at java.util.stream.AbstractPipeline.wrapAndCopyInto(Unknown Source)
at java.util.stream.FindOps$FindOp.evaluateSequential(Unknown Source)
at java.util.stream.AbstractPipeline.evaluate(Unknown Source)
at java.util.stream.ReferencePipeline.findFirst(Unknown Source)
at org.openqa.selenium.remote.ProtocolHandshake.createSession(ProtocolHandshake.java:128)
at org.openqa.selenium.remote.ProtocolHandshake.createSession(ProtocolHandshake.java:74)
at org.openqa.selenium.remote.HttpCommandExecutor.execute(HttpCommandExecutor.java:136)
at org.openqa.selenium.remote.service.DriverCommandExecutor.execute(DriverCommandExecutor.java:83)
at org.openqa.selenium.remote.RemoteWebDriver.execute(RemoteWebDriver.java:552)
at org.openqa.selenium.remote.RemoteWebDriver.startSession(RemoteWebDriver.java:213)
at org.openqa.selenium.remote.RemoteWebDriver.<init>(RemoteWebDriver.java:131)
at org.openqa.selenium.chrome.ChromeDriver.<init>(ChromeDriver.java:181)
at org.openqa.selenium.chrome.ChromeDriver.<init>(ChromeDriver.java:168)
at org.openqa.selenium.chrome.ChromeDriver.<init>(ChromeDriver.java:123)
at TestCases.TestBase.initBrowserDriver(TestBase.java:18)
... Removed 28 stack frames]]>
    </failure>
  </testcase> <!-- @BeforeTest initBrowserDriver -->
  <testcase name="@BeforeTest GuruLogin" time="-1.575972829478E9" classname="TestCases.TestBase">
    <skipped/>
  </testcase> <!-- @BeforeTest GuruLogin -->
  <testcase name="@AfterTest KillBrowser" time="-1.575972829535E9" classname="TestCases.TestBase">
    <skipped/>
  </testcase> <!-- @AfterTest KillBrowser -->
  <testcase name="loginTest" time="0.0" classname="TestCases.T_LoginPage">
    <skipped/>
  </testcase> <!-- loginTest -->
</testsuite> <!-- Functional Test -->
