<html>
<head>
<title>TestNG:  Functional Test</title>
<link href="../testng.css" rel="stylesheet" type="text/css" />
<link href="../my-testng.css" rel="stylesheet" type="text/css" />

<style type="text/css">
.log { display: none;} 
.stack-trace { display: none;} 
</style>
<script type="text/javascript">
<!--
function flip(e) {
  current = e.style.display;
  if (current == 'block') {
    e.style.display = 'none';
    return 0;
  }
  else {
    e.style.display = 'block';
    return 1;
  }
}

function toggleBox(szDivId, elem, msg1, msg2)
{
  var res = -1;  if (document.getElementById) {
    res = flip(document.getElementById(szDivId));
  }
  else if (document.all) {
    // this is the way old msie versions work
    res = flip(document.all[szDivId]);
  }
  if(elem) {
    if(res == 0) elem.innerHTML = msg1; else elem.innerHTML = msg2;
  }

}

function toggleAllBoxes() {
  if (document.getElementsByTagName) {
    d = document.getElementsByTagName('div');
    for (i = 0; i < d.length; i++) {
      if (d[i].className == 'log') {
        flip(d[i]);
      }
    }
  }
}

// -->
</script>

</head>
<body>
<h2 align='center'>Functional Test</h2><table border='1' align="center">
<tr>
<td>Tests passed/Failed/Skipped:</td><td>0/0/1</td>
</tr><tr>
<td>Started on:</td><td>Tue Dec 10 15:43:39 IST 2019</td>
</tr>
<tr><td>Total time:</td><td>9 seconds (9552 ms)</td>
</tr><tr>
<td>Included groups:</td><td></td>
</tr><tr>
<td>Excluded groups:</td><td></td>
</tr>
</table><p/>
<small><i>(Hover the method name to see the test class name)</i></small><p/>
<table width='100%' border='1' class='invocation-failed'>
<tr><td colspan='4' align='center'><b>FAILED CONFIGURATIONS</b></td></tr>
<tr><td><b>Test method</b></td>
<td width="30%"><b>Exception</b></td>
<td width="10%"><b>Time (seconds)</b></td>
<td><b>Instance</b></td>
</tr>
<tr>
<td title='TestCases.T_LoginPage.initBrowserDriver()'><b>initBrowserDriver</b><br>Test class: TestCases.T_LoginPage</td>
<td><div><pre>org.openqa.selenium.SessionNotCreatedException: session not created
from disconnected: received Inspector.detached event
  (Session info: chrome=78.0.3904.108)
Build info: version: &apos;3.141.59&apos;, revision: &apos;e82be7d358&apos;, time: &apos;2018-11-14T08:17:03&apos;
System info: host: &apos;VD-MDU-MMA12&apos;, ip: &apos;10.169.74.33&apos;, os.name: &apos;Windows 10&apos;, os.arch: &apos;amd64&apos;, os.version: &apos;10.0&apos;, java.version: &apos;1.8.0_144&apos;
Driver info: driver.version: ChromeDriver
remote stacktrace: Backtrace:
	Ordinal0 [0x0135A903+1550595]
	Ordinal0 [0x012DA701+1025793]
	Ordinal0 [0x0125C6E5+509669]
	Ordinal0 [0x01255229+479785]
	Ordinal0 [0x01254DFA+478714]
	Ordinal0 [0x01254878+477304]
	Ordinal0 [0x01253FEA+475114]
	Ordinal0 [0x01254105+475397]
	Ordinal0 [0x01253BB5+474037]
	Ordinal0 [0x0125B445+504901]
	Ordinal0 [0x01253B68+473960]
	Ordinal0 [0x0125451B+476443]
	Ordinal0 [0x01253FEA+475114]
	Ordinal0 [0x01254105+475397]
	Ordinal0 [0x01253BB5+474037]
	Ordinal0 [0x01259D8E+499086]
	Ordinal0 [0x01253B68+473960]
	Ordinal0 [0x0125451B+476443]
	Ordinal0 [0x01253FEA+475114]
	Ordinal0 [0x01254105+475397]
	Ordinal0 [0x01253BB5+474037]
	Ordinal0 [0x0125860D+493069]
	Ordinal0 [0x01253B68+473960]
	Ordinal0 [0x0125451B+476443]
	Ordinal0 [0x01253FEA+475114]
	Ordinal0 [0x01254105+475397]
	Ordinal0 [0x01253BB5+474037]
	Ordinal0 [0x01257CC7+490695]
	Ordinal0 [0x01253B68+473960]
	Ordinal0 [0x0125451B+476443]
	Ordinal0 [0x01253FEA+475114]
	Ordinal0 [0x01254105+475397]
	Ordinal0 [0x01253BB5+474037]
	Ordinal0 [0x012507AC+460716]
	Ordinal0 [0x01253B68+473960]
	Ordinal0 [0x01253A44+473668]
	Ordinal0 [0x0125D330+512816]
	Ordinal0 [0x0120B649+177737]
	Ordinal0 [0x0120A8ED+174317]
	Ordinal0 [0x01208CDB+167131]
	Ordinal0 [0x011F144A+70730]
	Ordinal0 [0x011F24D0+74960]
	Ordinal0 [0x011F2469+74857]
	Ordinal0 [0x012F42C7+1131207]
	GetHandleVerifier [0x013F70FD+523789]
	GetHandleVerifier [0x013F6E90+523168]
	GetHandleVerifier [0x013FE1E7+552695]
	GetHandleVerifier [0x013F78FA+525834]
	Ordinal0 [0x012EB7FC+1095676]
	Ordinal0 [0x012F633B+1139515]
	Ordinal0 [0x012F64A3+1139875]
	Ordinal0 [0x012F5425+1135653]
	BaseThreadInitThunk [0x74BF8674+36]
	RtlGetAppContainerNamedObjectPath [0x773E5E17+311]
	RtlGetAppContainerNamedObjectPath [0x773E5DE7+263]

	at org.openqa.selenium.remote.W3CHandshakeResponse.lambda$errorHandler$0(W3CHandshakeResponse.java:62)
	at org.openqa.selenium.remote.HandshakeResponse.lambda$getResponseFunction$0(HandshakeResponse.java:30)
	at org.openqa.selenium.remote.ProtocolHandshake.lambda$createSession$0(ProtocolHandshake.java:126)
	at java.util.stream.ReferencePipeline$3$1.accept(Unknown Source)
	at java.util.Spliterators$ArraySpliterator.tryAdvance(Unknown Source)
	at java.util.stream.ReferencePipeline.forEachWithCancel(Unknown Source)
	at java.util.stream.AbstractPipeline.copyIntoWithCancel(Unknown Source)
	at java.util.stream.AbstractPipeline.copyInto(Unknown Source)
	at java.util.stream.AbstractPipeline.wrapAndCopyInto(Unknown Source)
	at java.util.stream.FindOps$FindOp.evaluateSequential(Unknown Source)
	at java.util.stream.AbstractPipeline.evaluate(Unknown Source)
	at java.util.stream.ReferencePipeline.findFirst(Unknown Source)
	at org.openqa.selenium.remote.ProtocolHandshake.createSession(ProtocolHandshake.java:128)
	at org.openqa.selenium.remote.ProtocolHandshake.createSession(ProtocolHandshake.java:74)
	at org.openqa.selenium.remote.HttpCommandExecutor.execute(HttpCommandExecutor.java:136)
	at org.openqa.selenium.remote.service.DriverCommandExecutor.execute(DriverCommandExecutor.java:83)
	at org.openqa.selenium.remote.RemoteWebDriver.execute(RemoteWebDriver.java:552)
	at org.openqa.selenium.remote.RemoteWebDriver.startSession(RemoteWebDriver.java:213)
	at org.openqa.selenium.remote.RemoteWebDriver.&lt;init&gt;(RemoteWebDriver.java:131)
	at org.openqa.selenium.chrome.ChromeDriver.&lt;init&gt;(ChromeDriver.java:181)
	at org.openqa.selenium.chrome.ChromeDriver.&lt;init&gt;(ChromeDriver.java:168)
	at org.openqa.selenium.chrome.ChromeDriver.&lt;init&gt;(ChromeDriver.java:123)
	at TestCases.TestBase.initBrowserDriver(TestBase.java:18)
... Removed 28 stack frames</pre></div><a href='#' onClick='toggleBox("stack-trace1965445467", this, "Click to show all stack frames", "Click to hide stack frames")'>Click to show all stack frames</a>
<div class='stack-trace' id='stack-trace1965445467'><pre>org.openqa.selenium.SessionNotCreatedException: session not created
from disconnected: received Inspector.detached event
  (Session info: chrome=78.0.3904.108)
Build info: version: &apos;3.141.59&apos;, revision: &apos;e82be7d358&apos;, time: &apos;2018-11-14T08:17:03&apos;
System info: host: &apos;VD-MDU-MMA12&apos;, ip: &apos;10.169.74.33&apos;, os.name: &apos;Windows 10&apos;, os.arch: &apos;amd64&apos;, os.version: &apos;10.0&apos;, java.version: &apos;1.8.0_144&apos;
Driver info: driver.version: ChromeDriver
remote stacktrace: Backtrace:
	Ordinal0 [0x0135A903+1550595]
	Ordinal0 [0x012DA701+1025793]
	Ordinal0 [0x0125C6E5+509669]
	Ordinal0 [0x01255229+479785]
	Ordinal0 [0x01254DFA+478714]
	Ordinal0 [0x01254878+477304]
	Ordinal0 [0x01253FEA+475114]
	Ordinal0 [0x01254105+475397]
	Ordinal0 [0x01253BB5+474037]
	Ordinal0 [0x0125B445+504901]
	Ordinal0 [0x01253B68+473960]
	Ordinal0 [0x0125451B+476443]
	Ordinal0 [0x01253FEA+475114]
	Ordinal0 [0x01254105+475397]
	Ordinal0 [0x01253BB5+474037]
	Ordinal0 [0x01259D8E+499086]
	Ordinal0 [0x01253B68+473960]
	Ordinal0 [0x0125451B+476443]
	Ordinal0 [0x01253FEA+475114]
	Ordinal0 [0x01254105+475397]
	Ordinal0 [0x01253BB5+474037]
	Ordinal0 [0x0125860D+493069]
	Ordinal0 [0x01253B68+473960]
	Ordinal0 [0x0125451B+476443]
	Ordinal0 [0x01253FEA+475114]
	Ordinal0 [0x01254105+475397]
	Ordinal0 [0x01253BB5+474037]
	Ordinal0 [0x01257CC7+490695]
	Ordinal0 [0x01253B68+473960]
	Ordinal0 [0x0125451B+476443]
	Ordinal0 [0x01253FEA+475114]
	Ordinal0 [0x01254105+475397]
	Ordinal0 [0x01253BB5+474037]
	Ordinal0 [0x012507AC+460716]
	Ordinal0 [0x01253B68+473960]
	Ordinal0 [0x01253A44+473668]
	Ordinal0 [0x0125D330+512816]
	Ordinal0 [0x0120B649+177737]
	Ordinal0 [0x0120A8ED+174317]
	Ordinal0 [0x01208CDB+167131]
	Ordinal0 [0x011F144A+70730]
	Ordinal0 [0x011F24D0+74960]
	Ordinal0 [0x011F2469+74857]
	Ordinal0 [0x012F42C7+1131207]
	GetHandleVerifier [0x013F70FD+523789]
	GetHandleVerifier [0x013F6E90+523168]
	GetHandleVerifier [0x013FE1E7+552695]
	GetHandleVerifier [0x013F78FA+525834]
	Ordinal0 [0x012EB7FC+1095676]
	Ordinal0 [0x012F633B+1139515]
	Ordinal0 [0x012F64A3+1139875]
	Ordinal0 [0x012F5425+1135653]
	BaseThreadInitThunk [0x74BF8674+36]
	RtlGetAppContainerNamedObjectPath [0x773E5E17+311]
	RtlGetAppContainerNamedObjectPath [0x773E5DE7+263]

	at sun.reflect.NativeConstructorAccessorImpl.newInstance0(Native Method)
	at sun.reflect.NativeConstructorAccessorImpl.newInstance(Unknown Source)
	at sun.reflect.DelegatingConstructorAccessorImpl.newInstance(Unknown Source)
	at java.lang.reflect.Constructor.newInstance(Unknown Source)
	at org.openqa.selenium.remote.W3CHandshakeResponse.lambda$errorHandler$0(W3CHandshakeResponse.java:62)
	at org.openqa.selenium.remote.HandshakeResponse.lambda$getResponseFunction$0(HandshakeResponse.java:30)
	at org.openqa.selenium.remote.ProtocolHandshake.lambda$createSession$0(ProtocolHandshake.java:126)
	at java.util.stream.ReferencePipeline$3$1.accept(Unknown Source)
	at java.util.Spliterators$ArraySpliterator.tryAdvance(Unknown Source)
	at java.util.stream.ReferencePipeline.forEachWithCancel(Unknown Source)
	at java.util.stream.AbstractPipeline.copyIntoWithCancel(Unknown Source)
	at java.util.stream.AbstractPipeline.copyInto(Unknown Source)
	at java.util.stream.AbstractPipeline.wrapAndCopyInto(Unknown Source)
	at java.util.stream.FindOps$FindOp.evaluateSequential(Unknown Source)
	at java.util.stream.AbstractPipeline.evaluate(Unknown Source)
	at java.util.stream.ReferencePipeline.findFirst(Unknown Source)
	at org.openqa.selenium.remote.ProtocolHandshake.createSession(ProtocolHandshake.java:128)
	at org.openqa.selenium.remote.ProtocolHandshake.createSession(ProtocolHandshake.java:74)
	at org.openqa.selenium.remote.HttpCommandExecutor.execute(HttpCommandExecutor.java:136)
	at org.openqa.selenium.remote.service.DriverCommandExecutor.execute(DriverCommandExecutor.java:83)
	at org.openqa.selenium.remote.RemoteWebDriver.execute(RemoteWebDriver.java:552)
	at org.openqa.selenium.remote.RemoteWebDriver.startSession(RemoteWebDriver.java:213)
	at org.openqa.selenium.remote.RemoteWebDriver.&lt;init&gt;(RemoteWebDriver.java:131)
	at org.openqa.selenium.chrome.ChromeDriver.&lt;init&gt;(ChromeDriver.java:181)
	at org.openqa.selenium.chrome.ChromeDriver.&lt;init&gt;(ChromeDriver.java:168)
	at org.openqa.selenium.chrome.ChromeDriver.&lt;init&gt;(ChromeDriver.java:123)
	at TestCases.TestBase.initBrowserDriver(TestBase.java:18)
	at sun.reflect.NativeMethodAccessorImpl.invoke0(Native Method)
	at sun.reflect.NativeMethodAccessorImpl.invoke(Unknown Source)
	at sun.reflect.DelegatingMethodAccessorImpl.invoke(Unknown Source)
	at java.lang.reflect.Method.invoke(Unknown Source)
	at org.testng.internal.MethodInvocationHelper.invokeMethod(MethodInvocationHelper.java:133)
	at org.testng.internal.MethodInvocationHelper.invokeMethodConsideringTimeout(MethodInvocationHelper.java:62)
	at org.testng.internal.ConfigInvoker.invokeConfigurationMethod(ConfigInvoker.java:340)
	at org.testng.internal.ConfigInvoker.invokeConfigurations(ConfigInvoker.java:294)
	at org.testng.TestRunner.invokeTestConfigurations(TestRunner.java:623)
	at org.testng.TestRunner.beforeRun(TestRunner.java:613)
	at org.testng.TestRunner.run(TestRunner.java:584)
	at org.testng.SuiteRunner.runTest(SuiteRunner.java:402)
	at org.testng.SuiteRunner.runSequentially(SuiteRunner.java:396)
	at org.testng.SuiteRunner.privateRun(SuiteRunner.java:355)
	at org.testng.SuiteRunner.run(SuiteRunner.java:304)
	at org.testng.SuiteRunnerWorker.runSuite(SuiteRunnerWorker.java:53)
	at org.testng.SuiteRunnerWorker.run(SuiteRunnerWorker.java:96)
	at org.testng.TestNG.runSuitesSequentially(TestNG.java:1180)
	at org.testng.TestNG.runSuitesLocally(TestNG.java:1102)
	at org.testng.TestNG.runSuites(TestNG.java:1032)
	at org.testng.TestNG.run(TestNG.java:1000)
	at org.testng.remote.AbstractRemoteTestNG.run(AbstractRemoteTestNG.java:115)
	at org.testng.remote.RemoteTestNG.initAndRun(RemoteTestNG.java:251)
	at org.testng.remote.RemoteTestNG.main(RemoteTestNG.java:77)
</pre></div></td>
<td>9</td>
<td>TestCases.T_LoginPage@50b494a6</td></tr>
</table><p>
<table width='100%' border='1' class='invocation-skipped'>
<tr><td colspan='4' align='center'><b>SKIPPED CONFIGURATIONS</b></td></tr>
<tr><td><b>Test method</b></td>
<td width="30%"><b>Exception</b></td>
<td width="10%"><b>Time (seconds)</b></td>
<td><b>Instance</b></td>
</tr>
<tr>
<td title='TestCases.T_LoginPage.GuruLogin()'><b>GuruLogin</b><br>Test class: TestCases.T_LoginPage</td>
<td></td>
<td>-1575972829</td>
<td>TestCases.T_LoginPage@50b494a6</td></tr>
<tr>
<td title='TestCases.T_LoginPage.KillBrowser()'><b>KillBrowser</b><br>Test class: TestCases.T_LoginPage</td>
<td></td>
<td>-1575972829</td>
<td>TestCases.T_LoginPage@50b494a6</td></tr>
</table><p>
<table width='100%' border='1' class='invocation-skipped'>
<tr><td colspan='4' align='center'><b>SKIPPED TESTS</b></td></tr>
<tr><td><b>Test method</b></td>
<td width="30%"><b>Exception</b></td>
<td width="10%"><b>Time (seconds)</b></td>
<td><b>Instance</b></td>
</tr>
<tr>
<td title='TestCases.T_LoginPage.loginTest()'><b>loginTest</b><br>Test class: TestCases.T_LoginPage</td>
<td><div><pre>org.openqa.selenium.SessionNotCreatedException: session not created
from disconnected: received Inspector.detached event
  (Session info: chrome=78.0.3904.108)
Build info: version: &apos;3.141.59&apos;, revision: &apos;e82be7d358&apos;, time: &apos;2018-11-14T08:17:03&apos;
System info: host: &apos;VD-MDU-MMA12&apos;, ip: &apos;10.169.74.33&apos;, os.name: &apos;Windows 10&apos;, os.arch: &apos;amd64&apos;, os.version: &apos;10.0&apos;, java.version: &apos;1.8.0_144&apos;
Driver info: driver.version: ChromeDriver
remote stacktrace: Backtrace:
	Ordinal0 [0x0135A903+1550595]
	Ordinal0 [0x012DA701+1025793]
	Ordinal0 [0x0125C6E5+509669]
	Ordinal0 [0x01255229+479785]
	Ordinal0 [0x01254DFA+478714]
	Ordinal0 [0x01254878+477304]
	Ordinal0 [0x01253FEA+475114]
	Ordinal0 [0x01254105+475397]
	Ordinal0 [0x01253BB5+474037]
	Ordinal0 [0x0125B445+504901]
	Ordinal0 [0x01253B68+473960]
	Ordinal0 [0x0125451B+476443]
	Ordinal0 [0x01253FEA+475114]
	Ordinal0 [0x01254105+475397]
	Ordinal0 [0x01253BB5+474037]
	Ordinal0 [0x01259D8E+499086]
	Ordinal0 [0x01253B68+473960]
	Ordinal0 [0x0125451B+476443]
	Ordinal0 [0x01253FEA+475114]
	Ordinal0 [0x01254105+475397]
	Ordinal0 [0x01253BB5+474037]
	Ordinal0 [0x0125860D+493069]
	Ordinal0 [0x01253B68+473960]
	Ordinal0 [0x0125451B+476443]
	Ordinal0 [0x01253FEA+475114]
	Ordinal0 [0x01254105+475397]
	Ordinal0 [0x01253BB5+474037]
	Ordinal0 [0x01257CC7+490695]
	Ordinal0 [0x01253B68+473960]
	Ordinal0 [0x0125451B+476443]
	Ordinal0 [0x01253FEA+475114]
	Ordinal0 [0x01254105+475397]
	Ordinal0 [0x01253BB5+474037]
	Ordinal0 [0x012507AC+460716]
	Ordinal0 [0x01253B68+473960]
	Ordinal0 [0x01253A44+473668]
	Ordinal0 [0x0125D330+512816]
	Ordinal0 [0x0120B649+177737]
	Ordinal0 [0x0120A8ED+174317]
	Ordinal0 [0x01208CDB+167131]
	Ordinal0 [0x011F144A+70730]
	Ordinal0 [0x011F24D0+74960]
	Ordinal0 [0x011F2469+74857]
	Ordinal0 [0x012F42C7+1131207]
	GetHandleVerifier [0x013F70FD+523789]
	GetHandleVerifier [0x013F6E90+523168]
	GetHandleVerifier [0x013FE1E7+552695]
	GetHandleVerifier [0x013F78FA+525834]
	Ordinal0 [0x012EB7FC+1095676]
	Ordinal0 [0x012F633B+1139515]
	Ordinal0 [0x012F64A3+1139875]
	Ordinal0 [0x012F5425+1135653]
	BaseThreadInitThunk [0x74BF8674+36]
	RtlGetAppContainerNamedObjectPath [0x773E5E17+311]
	RtlGetAppContainerNamedObjectPath [0x773E5DE7+263]

	at org.openqa.selenium.remote.W3CHandshakeResponse.lambda$errorHandler$0(W3CHandshakeResponse.java:62)
	at org.openqa.selenium.remote.HandshakeResponse.lambda$getResponseFunction$0(HandshakeResponse.java:30)
	at org.openqa.selenium.remote.ProtocolHandshake.lambda$createSession$0(ProtocolHandshake.java:126)
	at java.util.stream.ReferencePipeline$3$1.accept(Unknown Source)
	at java.util.Spliterators$ArraySpliterator.tryAdvance(Unknown Source)
	at java.util.stream.ReferencePipeline.forEachWithCancel(Unknown Source)
	at java.util.stream.AbstractPipeline.copyIntoWithCancel(Unknown Source)
	at java.util.stream.AbstractPipeline.copyInto(Unknown Source)
	at java.util.stream.AbstractPipeline.wrapAndCopyInto(Unknown Source)
	at java.util.stream.FindOps$FindOp.evaluateSequential(Unknown Source)
	at java.util.stream.AbstractPipeline.evaluate(Unknown Source)
	at java.util.stream.ReferencePipeline.findFirst(Unknown Source)
	at org.openqa.selenium.remote.ProtocolHandshake.createSession(ProtocolHandshake.java:128)
	at org.openqa.selenium.remote.ProtocolHandshake.createSession(ProtocolHandshake.java:74)
	at org.openqa.selenium.remote.HttpCommandExecutor.execute(HttpCommandExecutor.java:136)
	at org.openqa.selenium.remote.service.DriverCommandExecutor.execute(DriverCommandExecutor.java:83)
	at org.openqa.selenium.remote.RemoteWebDriver.execute(RemoteWebDriver.java:552)
	at org.openqa.selenium.remote.RemoteWebDriver.startSession(RemoteWebDriver.java:213)
	at org.openqa.selenium.remote.RemoteWebDriver.&lt;init&gt;(RemoteWebDriver.java:131)
	at org.openqa.selenium.chrome.ChromeDriver.&lt;init&gt;(ChromeDriver.java:181)
	at org.openqa.selenium.chrome.ChromeDriver.&lt;init&gt;(ChromeDriver.java:168)
	at org.openqa.selenium.chrome.ChromeDriver.&lt;init&gt;(ChromeDriver.java:123)
	at TestCases.TestBase.initBrowserDriver(TestBase.java:18)
... Removed 28 stack frames</pre></div><a href='#' onClick='toggleBox("stack-trace91912419", this, "Click to show all stack frames", "Click to hide stack frames")'>Click to show all stack frames</a>
<div class='stack-trace' id='stack-trace91912419'><pre>org.openqa.selenium.SessionNotCreatedException: session not created
from disconnected: received Inspector.detached event
  (Session info: chrome=78.0.3904.108)
Build info: version: &apos;3.141.59&apos;, revision: &apos;e82be7d358&apos;, time: &apos;2018-11-14T08:17:03&apos;
System info: host: &apos;VD-MDU-MMA12&apos;, ip: &apos;10.169.74.33&apos;, os.name: &apos;Windows 10&apos;, os.arch: &apos;amd64&apos;, os.version: &apos;10.0&apos;, java.version: &apos;1.8.0_144&apos;
Driver info: driver.version: ChromeDriver
remote stacktrace: Backtrace:
	Ordinal0 [0x0135A903+1550595]
	Ordinal0 [0x012DA701+1025793]
	Ordinal0 [0x0125C6E5+509669]
	Ordinal0 [0x01255229+479785]
	Ordinal0 [0x01254DFA+478714]
	Ordinal0 [0x01254878+477304]
	Ordinal0 [0x01253FEA+475114]
	Ordinal0 [0x01254105+475397]
	Ordinal0 [0x01253BB5+474037]
	Ordinal0 [0x0125B445+504901]
	Ordinal0 [0x01253B68+473960]
	Ordinal0 [0x0125451B+476443]
	Ordinal0 [0x01253FEA+475114]
	Ordinal0 [0x01254105+475397]
	Ordinal0 [0x01253BB5+474037]
	Ordinal0 [0x01259D8E+499086]
	Ordinal0 [0x01253B68+473960]
	Ordinal0 [0x0125451B+476443]
	Ordinal0 [0x01253FEA+475114]
	Ordinal0 [0x01254105+475397]
	Ordinal0 [0x01253BB5+474037]
	Ordinal0 [0x0125860D+493069]
	Ordinal0 [0x01253B68+473960]
	Ordinal0 [0x0125451B+476443]
	Ordinal0 [0x01253FEA+475114]
	Ordinal0 [0x01254105+475397]
	Ordinal0 [0x01253BB5+474037]
	Ordinal0 [0x01257CC7+490695]
	Ordinal0 [0x01253B68+473960]
	Ordinal0 [0x0125451B+476443]
	Ordinal0 [0x01253FEA+475114]
	Ordinal0 [0x01254105+475397]
	Ordinal0 [0x01253BB5+474037]
	Ordinal0 [0x012507AC+460716]
	Ordinal0 [0x01253B68+473960]
	Ordinal0 [0x01253A44+473668]
	Ordinal0 [0x0125D330+512816]
	Ordinal0 [0x0120B649+177737]
	Ordinal0 [0x0120A8ED+174317]
	Ordinal0 [0x01208CDB+167131]
	Ordinal0 [0x011F144A+70730]
	Ordinal0 [0x011F24D0+74960]
	Ordinal0 [0x011F2469+74857]
	Ordinal0 [0x012F42C7+1131207]
	GetHandleVerifier [0x013F70FD+523789]
	GetHandleVerifier [0x013F6E90+523168]
	GetHandleVerifier [0x013FE1E7+552695]
	GetHandleVerifier [0x013F78FA+525834]
	Ordinal0 [0x012EB7FC+1095676]
	Ordinal0 [0x012F633B+1139515]
	Ordinal0 [0x012F64A3+1139875]
	Ordinal0 [0x012F5425+1135653]
	BaseThreadInitThunk [0x74BF8674+36]
	RtlGetAppContainerNamedObjectPath [0x773E5E17+311]
	RtlGetAppContainerNamedObjectPath [0x773E5DE7+263]

	at sun.reflect.NativeConstructorAccessorImpl.newInstance0(Native Method)
	at sun.reflect.NativeConstructorAccessorImpl.newInstance(Unknown Source)
	at sun.reflect.DelegatingConstructorAccessorImpl.newInstance(Unknown Source)
	at java.lang.reflect.Constructor.newInstance(Unknown Source)
	at org.openqa.selenium.remote.W3CHandshakeResponse.lambda$errorHandler$0(W3CHandshakeResponse.java:62)
	at org.openqa.selenium.remote.HandshakeResponse.lambda$getResponseFunction$0(HandshakeResponse.java:30)
	at org.openqa.selenium.remote.ProtocolHandshake.lambda$createSession$0(ProtocolHandshake.java:126)
	at java.util.stream.ReferencePipeline$3$1.accept(Unknown Source)
	at java.util.Spliterators$ArraySpliterator.tryAdvance(Unknown Source)
	at java.util.stream.ReferencePipeline.forEachWithCancel(Unknown Source)
	at java.util.stream.AbstractPipeline.copyIntoWithCancel(Unknown Source)
	at java.util.stream.AbstractPipeline.copyInto(Unknown Source)
	at java.util.stream.AbstractPipeline.wrapAndCopyInto(Unknown Source)
	at java.util.stream.FindOps$FindOp.evaluateSequential(Unknown Source)
	at java.util.stream.AbstractPipeline.evaluate(Unknown Source)
	at java.util.stream.ReferencePipeline.findFirst(Unknown Source)
	at org.openqa.selenium.remote.ProtocolHandshake.createSession(ProtocolHandshake.java:128)
	at org.openqa.selenium.remote.ProtocolHandshake.createSession(ProtocolHandshake.java:74)
	at org.openqa.selenium.remote.HttpCommandExecutor.execute(HttpCommandExecutor.java:136)
	at org.openqa.selenium.remote.service.DriverCommandExecutor.execute(DriverCommandExecutor.java:83)
	at org.openqa.selenium.remote.RemoteWebDriver.execute(RemoteWebDriver.java:552)
	at org.openqa.selenium.remote.RemoteWebDriver.startSession(RemoteWebDriver.java:213)
	at org.openqa.selenium.remote.RemoteWebDriver.&lt;init&gt;(RemoteWebDriver.java:131)
	at org.openqa.selenium.chrome.ChromeDriver.&lt;init&gt;(ChromeDriver.java:181)
	at org.openqa.selenium.chrome.ChromeDriver.&lt;init&gt;(ChromeDriver.java:168)
	at org.openqa.selenium.chrome.ChromeDriver.&lt;init&gt;(ChromeDriver.java:123)
	at TestCases.TestBase.initBrowserDriver(TestBase.java:18)
	at sun.reflect.NativeMethodAccessorImpl.invoke0(Native Method)
	at sun.reflect.NativeMethodAccessorImpl.invoke(Unknown Source)
	at sun.reflect.DelegatingMethodAccessorImpl.invoke(Unknown Source)
	at java.lang.reflect.Method.invoke(Unknown Source)
	at org.testng.internal.MethodInvocationHelper.invokeMethod(MethodInvocationHelper.java:133)
	at org.testng.internal.MethodInvocationHelper.invokeMethodConsideringTimeout(MethodInvocationHelper.java:62)
	at org.testng.internal.ConfigInvoker.invokeConfigurationMethod(ConfigInvoker.java:340)
	at org.testng.internal.ConfigInvoker.invokeConfigurations(ConfigInvoker.java:294)
	at org.testng.TestRunner.invokeTestConfigurations(TestRunner.java:623)
	at org.testng.TestRunner.beforeRun(TestRunner.java:613)
	at org.testng.TestRunner.run(TestRunner.java:584)
	at org.testng.SuiteRunner.runTest(SuiteRunner.java:402)
	at org.testng.SuiteRunner.runSequentially(SuiteRunner.java:396)
	at org.testng.SuiteRunner.privateRun(SuiteRunner.java:355)
	at org.testng.SuiteRunner.run(SuiteRunner.java:304)
	at org.testng.SuiteRunnerWorker.runSuite(SuiteRunnerWorker.java:53)
	at org.testng.SuiteRunnerWorker.run(SuiteRunnerWorker.java:96)
	at org.testng.TestNG.runSuitesSequentially(TestNG.java:1180)
	at org.testng.TestNG.runSuitesLocally(TestNG.java:1102)
	at org.testng.TestNG.runSuites(TestNG.java:1032)
	at org.testng.TestNG.run(TestNG.java:1000)
	at org.testng.remote.AbstractRemoteTestNG.run(AbstractRemoteTestNG.java:115)
	at org.testng.remote.RemoteTestNG.initAndRun(RemoteTestNG.java:251)
	at org.testng.remote.RemoteTestNG.main(RemoteTestNG.java:77)
</pre></div></td>
<td>0</td>
<td>TestCases.T_LoginPage@50b494a6</td></tr>
</table><p>
</body>
</html>